2021-04-30 19:00:16,410 -- ERROR: -- {'non_field_errors': [ErrorDetail(string='location is required', code='invalid')]} error
2021-04-30 19:10:17,642 -- ERROR: -- {'user': [ErrorDetail(string='This field is required.', code='required')], 'shopEmail': [ErrorDetail(string='This field is required.', code='required')], 'shopName': [ErrorDetail(string='This field is required.', code='required')], 'location': [ErrorDetail(string='This field is required.', code='required')]}
2021-04-30 19:11:02,425 -- ERROR: -- {'user': [ErrorDetail(string='This field is required.', code='required')], 'shopEmail': [ErrorDetail(string='This field is required.', code='required')], 'shopName': [ErrorDetail(string='This field is required.', code='required')], 'location': [ErrorDetail(string='This field is required.', code='required')]}
2021-04-30 19:11:57,806 -- ERROR: -- The field 'user' was declared on serializer RegisterSellerSerializer, but has not been included in the 'fields' option.
2021-04-30 19:12:13,261 -- ERROR: -- {'shopEmail': [ErrorDetail(string='This field is required.', code='required')], 'shopName': [ErrorDetail(string='This field is required.', code='required')], 'location': [ErrorDetail(string='This field is required.', code='required')]}
2021-04-30 19:12:50,639 -- ERROR: -- 'Seller' object has no attribute 'seller'
2021-04-30 19:13:35,722 -- ERROR: -- UNIQUE constraint failed: auth__seller.user_id
2021-04-30 19:14:29,802 -- ERROR: -- UNIQUE constraint failed: auth__seller.user_id
2021-04-30 19:15:58,779 -- ERROR: -- UNIQUE constraint failed: auth__seller.user_id
2021-04-30 19:16:15,348 -- ERROR: -- UNIQUE constraint failed: auth__seller.user_id
2021-04-30 19:17:21,169 -- ERROR: -- UNIQUE constraint failed: auth__seller.user_id
2021-04-30 19:18:55,850 -- WARNING: -- User : bek already seller
2021-04-30 19:19:19,655 -- WARNING: -- User : bek already seller
2021-04-30 19:19:27,536 -- WARNING: -- User : bek already seller
2021-04-30 19:26:13,592 -- WARNING: -- User : bek already seller
2021-04-30 19:27:46,157 -- WARNING: -- User : bek already seller
2021-04-30 19:29:00,927 -- WARNING: -- User : bek already seller
2021-04-30 19:32:02,003 -- WARNING: -- User : bek already seller
2021-04-30 19:44:41,922 -- WARNING: -- User : bek already seller
2021-04-30 19:45:07,745 -- WARNING: -- User : bek already seller
2021-04-30 19:46:27,916 -- WARNING: -- User : bek already seller
2021-04-30 19:46:38,442 -- WARNING: -- User : bek already seller
2021-04-30 19:56:08,111 -- WARNING: -- User : bek already seller
2021-04-30 20:08:54,071 -- WARNING: -- User : bek already seller
2021-04-30 20:16:45,280 -- WARNING: -- User : bek already seller
2021-04-30 20:17:45,305 -- WARNING: -- User : bek already seller
2021-04-30 21:04:00,272 -- WARNING: -- User : bek already seller
